<?xml version='1.0' encoding='UTF-8'?>
<testsuite hostname="DESKTOP-6RBNTJG" name="base.BaseSimulation" tests="1" errors="0" failures="1" skipped="0" time="2712.074" timestamp="2021-12-06T12:52:03">
          <properties>
[...]
</properties>
          <testcase classname="base.BaseSimulation" name="" time="2712.074">
                      <failure message="java.lang.IllegalArgumentException: requirement failed: No scenario set up" type="sbt.ForkMain$ForkError">sbt.ForkMain$ForkError: java.lang.IllegalArgumentException: requirement failed: No scenario set up
	at scala.Predef$.require(Predef.scala:337)
	at io.gatling.core.scenario.Simulation$.params(Simulation.scala:47)
	at io.gatling.core.scenario.Simulation.params(Simulation.scala:181)
	at io.gatling.app.SimulationClass$Scala.params(SimulationClass.scala:31)
	at io.gatling.app.Runner.run0(Runner.scala:62)
	at io.gatling.app.Runner.run(Runner.scala:49)
	at io.gatling.app.Gatling$.start(Gatling.scala:87)
	at io.gatling.app.Gatling$.fromArgs(Gatling.scala:49)
	at io.gatling.app.Gatling$.fromSbtTestFramework(Gatling.scala:45)
	at io.gatling.sbt.GatlingTask.liftedTree1$1(GatlingTask.scala:52)
	at io.gatling.sbt.GatlingTask.execute(GatlingTask.scala:51)
	at sbt.ForkMain$Run.lambda$runTest$1(ForkMain.java:413)
	at java.util.concurrent.FutureTask.run(FutureTask.java:266)
	at java.util.concurrent.ThreadPoolExecutor.runWorker(ThreadPoolExecutor.java:1149)
	at java.util.concurrent.ThreadPoolExecutor$Worker.run(ThreadPoolExecutor.java:624)
	at java.lang.Thread.run(Thread.java:748)
</failure>
                    </testcase>
          <system-out><![CDATA[]]></system-out>
          <system-err><![CDATA[]]></system-err>
        </testsuite>